{"message":"fileName: register:req Body, message: {\"username\":\"manish\",\"firstName\":\"Manish\",\"lastName\":\"Kini\",\"email\":\"manishK@gmail.com\",\"password\":\"123456\",\"role\":\"admin\"}","level":"warn","timestamp":"2021-07-12T06:54:10.418Z"}
{"message":"fileName: userHelper:checkUser, message: SequelizeConnectionError: Unknown database 'pizzaapp'","level":"warn","timestamp":"2021-07-12T06:54:10.717Z"}
{"message":"fileName: register:req Body, message: {\"username\":\"manish\",\"firstName\":\"Manish\",\"lastName\":\"Kini\",\"email\":\"manishK@gmail.com\",\"password\":\"123456\",\"role\":\"admin\"}","level":"warn","timestamp":"2021-07-12T07:06:50.158Z"}
{"message":"fileName: login:req Body, message: {\"firstName\":\"Amit Gupta\",\"email\":\"amit@gmail.com\",\"password\":\"123456\"}","level":"warn","timestamp":"2021-07-12T07:06:56.883Z"}
{"message":"fileName: login:req Body, message: {\"firstName\":\"Manish\",\"email\":\"manishK@gmail.com\",\"password\":\"123456\"}","level":"warn","timestamp":"2021-07-12T07:07:24.379Z"}
{"message":"fileName: Login JWT Token-manishK@gmail.com-User , message: eyJhbGciOiJIUzI1NiIsInR5cCI6IkpXVCJ9.eyJlbWFpbCI6Im1hbmlzaEtAZ21haWwuY29tIiwidHlwZSI6IlVzZXIiLCJpYXQiOjE2MjYwNzM2NDQsImV4cCI6MTYyNjE2MDA0NH0.3iSsLWQPRC3tMZnpTmqS7hk-2exCcs_uuWt3V8czFXo","level":"warn","timestamp":"2021-07-12T07:07:24.587Z"}
{"message":"fileName: register:req Body, message: {\"username\":\"manish\",\"firstName\":\"Manish\",\"lastName\":\"Kini\",\"email\":\"manishK@gmail.com\",\"password\":\"123456\",\"role\":\"admin\"}","level":"warn","timestamp":"2021-07-12T07:14:28.564Z"}
{"message":"fileName: login:req Body, message: {\"firstName\":\"Manish\",\"email\":\"manishK@gmail.com\",\"password\":\"123456\"}","level":"warn","timestamp":"2021-07-12T07:14:32.686Z"}
{"message":"fileName: Login JWT Token-manishK@gmail.com-User , message: eyJhbGciOiJIUzI1NiIsInR5cCI6IkpXVCJ9.eyJlbWFpbCI6Im1hbmlzaEtAZ21haWwuY29tIiwidHlwZSI6IlVzZXIiLCJpYXQiOjE2MjYwNzQwNzIsImV4cCI6MTYyNjE2MDQ3Mn0.3zNcDVITyOFhmOlPK7Iea9ONJhMqF7a0cbRAMZXM2KQ","level":"warn","timestamp":"2021-07-12T07:14:32.897Z"}
{"message":"fileName: login:req Body, message: {\"firstName\":\"Manish\",\"email\":\"manishK@gmail.com\",\"password\":\"123456\"}","level":"warn","timestamp":"2021-07-12T07:16:55.055Z"}
{"message":"fileName: Login JWT Token-manishK@gmail.com-User , message: eyJhbGciOiJIUzI1NiIsInR5cCI6IkpXVCJ9.eyJlbWFpbCI6Im1hbmlzaEtAZ21haWwuY29tIiwidHlwZSI6IlVzZXIiLCJpYXQiOjE2MjYwNzQyMTUsImV4cCI6MTYyNjE2MDYxNX0.gUHpf1R2U3mKMdmHLpnTHwu1VgK9ztqJWCSAA22d7h0","level":"warn","timestamp":"2021-07-12T07:16:55.235Z"}
{"message":"fileName: register:req Body, message: {\"username\":\"manish\",\"firstName\":\"Manish\",\"lastName\":\"Kini\",\"email\":\"manishK@gmail.com\",\"password\":\"123456\",\"role\":\"admin\"}","level":"warn","timestamp":"2021-07-12T07:17:00.159Z"}
{"message":"fileName: login:req Body, message: {\"firstName\":\"Manish\",\"email\":\"manishK@gmail.com\",\"password\":\"123456\"}","level":"warn","timestamp":"2021-07-12T07:17:03.394Z"}
{"message":"fileName: Login JWT Token-manishK@gmail.com-User , message: eyJhbGciOiJIUzI1NiIsInR5cCI6IkpXVCJ9.eyJlbWFpbCI6Im1hbmlzaEtAZ21haWwuY29tIiwidHlwZSI6IlVzZXIiLCJpYXQiOjE2MjYwNzQyMjMsImV4cCI6MTYyNjE2MDYyM30.gmHriA85IQkAbbLDw8aynT3IAlVz-yvfXpmLINN5nxk","level":"warn","timestamp":"2021-07-12T07:17:03.564Z"}
{"message":"fileName: register:req Body, message: {\"username\":\"Amitgt\",\"firstName\":\"Amit\",\"lastName\":\"Gupta\",\"email\":\"amit@gmail.com\",\"password\":\"123456\",\"role\":\"admin\"}","level":"warn","timestamp":"2021-07-12T07:19:05.388Z"}
{"message":"fileName: register:req Body, message: {\"username\":\"Amitgt\",\"firstName\":\"Amit\",\"lastName\":\"Gupta\",\"email\":\"amit@gmail.com\",\"password\":\"123456\",\"role\":\"admin\"}","level":"warn","timestamp":"2021-07-12T07:28:47.097Z"}
{"message":"fileName: register:req Body, message: {\"username\":\"Amit\",\"firstName\":\"Amit\",\"lastName\":\"Gupta\",\"email\":\"a@gmail.com\",\"password\":\"123456\",\"role\":\"admin\"}","level":"warn","timestamp":"2021-07-12T07:29:06.172Z"}
{"message":"fileName: login:req Body, message: {\"firstName\":\"Manish\",\"email\":\"manishK@gmail.com\",\"password\":\"123456\"}","level":"warn","timestamp":"2021-07-12T08:27:28.740Z"}
{"message":"fileName: Login JWT Token-manishK@gmail.com-User , message: eyJhbGciOiJIUzI1NiIsInR5cCI6IkpXVCJ9.eyJlbWFpbCI6Im1hbmlzaEtAZ21haWwuY29tIiwidHlwZSI6IlVzZXIiLCJpYXQiOjE2MjYwNzg0NDksImV4cCI6MTYyNjE2NDg0OX0.K7rsEViR6M45BlglUQAAVnI0bDrYPc0nO1jqgZ6Ma50","level":"warn","timestamp":"2021-07-12T08:27:29.225Z"}
{"message":"fileName: login:req Body, message: {\"firstName\":\"Manish\",\"email\":\"manishK@gmail.com\",\"password\":\"123456\"}","level":"warn","timestamp":"2021-07-12T08:30:19.100Z"}
{"message":"fileName: login:req Body, message: {\"firstName\":\"Manish\",\"email\":\"manishK@gmail.com\",\"password\":\"123456\"}","level":"warn","timestamp":"2021-07-12T08:30:19.135Z"}
{"message":"fileName: login:req Body, message: {\"firstName\":\"Manish\",\"email\":\"manishK@gmail.com\",\"password\":\"123456\"}","level":"warn","timestamp":"2021-07-12T08:30:19.160Z"}
{"message":"fileName: Login JWT Token-manishK@gmail.com-User , message: eyJhbGciOiJIUzI1NiIsInR5cCI6IkpXVCJ9.eyJlbWFpbCI6Im1hbmlzaEtAZ21haWwuY29tIiwidHlwZSI6IlVzZXIiLCJpYXQiOjE2MjYwNzg2MTksImV4cCI6MTYyNjE2NTAxOX0.NUqfej89PrGhF5wPieR62idnUTLDGwY6bzWcMgruZMY","level":"warn","timestamp":"2021-07-12T08:30:19.605Z"}
{"message":"fileName: Login JWT Token-manishK@gmail.com-User , message: eyJhbGciOiJIUzI1NiIsInR5cCI6IkpXVCJ9.eyJlbWFpbCI6Im1hbmlzaEtAZ21haWwuY29tIiwidHlwZSI6IlVzZXIiLCJpYXQiOjE2MjYwNzg2MTksImV4cCI6MTYyNjE2NTAxOX0.NUqfej89PrGhF5wPieR62idnUTLDGwY6bzWcMgruZMY","level":"warn","timestamp":"2021-07-12T08:30:19.619Z"}
{"message":"fileName: Login JWT Token-manishK@gmail.com-User , message: eyJhbGciOiJIUzI1NiIsInR5cCI6IkpXVCJ9.eyJlbWFpbCI6Im1hbmlzaEtAZ21haWwuY29tIiwidHlwZSI6IlVzZXIiLCJpYXQiOjE2MjYwNzg2MTksImV4cCI6MTYyNjE2NTAxOX0.NUqfej89PrGhF5wPieR62idnUTLDGwY6bzWcMgruZMY","level":"warn","timestamp":"2021-07-12T08:30:19.629Z"}
{"message":"fileName: login:req Body, message: {\"firstName\":\"Manish\",\"email\":\"manishK@gmail.com\",\"password\":\"123456\"}","level":"warn","timestamp":"2021-07-12T08:31:56.339Z"}
{"message":"fileName: Login JWT Token-manishK@gmail.com-User , message: eyJhbGciOiJIUzI1NiIsInR5cCI6IkpXVCJ9.eyJlbWFpbCI6Im1hbmlzaEtAZ21haWwuY29tIiwidHlwZSI6IlVzZXIiLCJpYXQiOjE2MjYwNzg3MTYsImV4cCI6MTYyNjE2NTExNn0.YSxe4x05EwX8VuW0YN2Lg9AWChRBiZfmhg90ryjlHPM","level":"warn","timestamp":"2021-07-12T08:31:56.518Z"}
{"message":"fileName: login:req Body, message: {\"firstName\":\"Manish\",\"email\":\"manishK@gmail.com\",\"password\":\"123456\"}","level":"warn","timestamp":"2021-07-12T08:35:32.633Z"}
{"message":"fileName: Login JWT Token-manishK@gmail.com-User , message: eyJhbGciOiJIUzI1NiIsInR5cCI6IkpXVCJ9.eyJlbWFpbCI6Im1hbmlzaEtAZ21haWwuY29tIiwidHlwZSI6IlVzZXIiLCJpYXQiOjE2MjYwNzg5MzMsImV4cCI6MTYyNjE2NTMzM30.f1iAaQjr1m2xESyZjW_a4toWyZrJycWgXw7eXTt168o","level":"warn","timestamp":"2021-07-12T08:35:33.110Z"}
{"message":"fileName: JWT token Verified-manishK@gmail.com-User, message: eyJhbGciOiJIUzI1NiIsInR5cCI6IkpXVCJ9.eyJlbWFpbCI6Im1hbmlzaEtAZ21haWwuY29tIiwidHlwZSI6IlVzZXIiLCJpYXQiOjE2MjYwNzg5MzMsImV4cCI6MTYyNjE2NTMzM30.f1iAaQjr1m2xESyZjW_a4toWyZrJycWgXw7eXTt168o","level":"warn","timestamp":"2021-07-12T08:36:52.319Z"}
{"message":"fileName: JWT token Verified-manishK@gmail.com-User, message: eyJhbGciOiJIUzI1NiIsInR5cCI6IkpXVCJ9.eyJlbWFpbCI6Im1hbmlzaEtAZ21haWwuY29tIiwidHlwZSI6IlVzZXIiLCJpYXQiOjE2MjYwNzg5MzMsImV4cCI6MTYyNjE2NTMzM30.f1iAaQjr1m2xESyZjW_a4toWyZrJycWgXw7eXTt168o","level":"warn","timestamp":"2021-07-12T08:38:02.455Z"}
{"message":"fileName: JWT token Verified-manishK@gmail.com-User, message: eyJhbGciOiJIUzI1NiIsInR5cCI6IkpXVCJ9.eyJlbWFpbCI6Im1hbmlzaEtAZ21haWwuY29tIiwidHlwZSI6IlVzZXIiLCJpYXQiOjE2MjYwNzg5MzMsImV4cCI6MTYyNjE2NTMzM30.f1iAaQjr1m2xESyZjW_a4toWyZrJycWgXw7eXTt168o","level":"warn","timestamp":"2021-07-12T09:12:08.848Z"}
{"message":"fileName: JWT token Verified-manishK@gmail.com-User, message: eyJhbGciOiJIUzI1NiIsInR5cCI6IkpXVCJ9.eyJlbWFpbCI6Im1hbmlzaEtAZ21haWwuY29tIiwidHlwZSI6IlVzZXIiLCJpYXQiOjE2MjYwNzg5MzMsImV4cCI6MTYyNjE2NTMzM30.f1iAaQjr1m2xESyZjW_a4toWyZrJycWgXw7eXTt168o","level":"warn","timestamp":"2021-07-12T09:55:01.775Z"}
{"message":"fileName: JWT token Verified-manishK@gmail.com-User, message: eyJhbGciOiJIUzI1NiIsInR5cCI6IkpXVCJ9.eyJlbWFpbCI6Im1hbmlzaEtAZ21haWwuY29tIiwidHlwZSI6IlVzZXIiLCJpYXQiOjE2MjYwNzg5MzMsImV4cCI6MTYyNjE2NTMzM30.f1iAaQjr1m2xESyZjW_a4toWyZrJycWgXw7eXTt168o","level":"warn","timestamp":"2021-07-12T09:56:36.880Z"}
{"message":"fileName: JWT token Verified-manishK@gmail.com-User, message: eyJhbGciOiJIUzI1NiIsInR5cCI6IkpXVCJ9.eyJlbWFpbCI6Im1hbmlzaEtAZ21haWwuY29tIiwidHlwZSI6IlVzZXIiLCJpYXQiOjE2MjYwNzg5MzMsImV4cCI6MTYyNjE2NTMzM30.f1iAaQjr1m2xESyZjW_a4toWyZrJycWgXw7eXTt168o","level":"warn","timestamp":"2021-07-12T09:57:11.716Z"}
{"message":"fileName: JWT token Verified-manishK@gmail.com-User, message: eyJhbGciOiJIUzI1NiIsInR5cCI6IkpXVCJ9.eyJlbWFpbCI6Im1hbmlzaEtAZ21haWwuY29tIiwidHlwZSI6IlVzZXIiLCJpYXQiOjE2MjYwNzg5MzMsImV4cCI6MTYyNjE2NTMzM30.f1iAaQjr1m2xESyZjW_a4toWyZrJycWgXw7eXTt168o","level":"warn","timestamp":"2021-07-12T10:01:08.163Z"}
{"message":"fileName: JWT token Verified-manishK@gmail.com-User, message: eyJhbGciOiJIUzI1NiIsInR5cCI6IkpXVCJ9.eyJlbWFpbCI6Im1hbmlzaEtAZ21haWwuY29tIiwidHlwZSI6IlVzZXIiLCJpYXQiOjE2MjYwNzg5MzMsImV4cCI6MTYyNjE2NTMzM30.f1iAaQjr1m2xESyZjW_a4toWyZrJycWgXw7eXTt168o","level":"warn","timestamp":"2021-07-12T10:01:36.938Z"}
